Determining if the pthread_create exist failed with the following output:
Change Dir: /home/rshnn/Documents/CS598/pracsys/src/object_info/build/CMakeFiles/CMakeTmp

Run Build Command:/usr/bin/make "cmTryCompileExec275770432/fast"
make[1]: Entering directory `/home/rshnn/Documents/CS598/pracsys/src/object_info/build/CMakeFiles/CMakeTmp'
/usr/bin/make -f CMakeFiles/cmTryCompileExec275770432.dir/build.make CMakeFiles/cmTryCompileExec275770432.dir/build
make[2]: Entering directory `/home/rshnn/Documents/CS598/pracsys/src/object_info/build/CMakeFiles/CMakeTmp'
/usr/bin/cmake -E cmake_progress_report /home/rshnn/Documents/CS598/pracsys/src/object_info/build/CMakeFiles/CMakeTmp/CMakeFiles 1
Building C object CMakeFiles/cmTryCompileExec275770432.dir/CheckSymbolExists.c.o
/usr/bin/cc    -o CMakeFiles/cmTryCompileExec275770432.dir/CheckSymbolExists.c.o   -c /home/rshnn/Documents/CS598/pracsys/src/object_info/build/CMakeFiles/CMakeTmp/CheckSymbolExists.c
Linking C executable cmTryCompileExec275770432
/usr/bin/cmake -E cmake_link_script CMakeFiles/cmTryCompileExec275770432.dir/link.txt --verbose=1
/usr/bin/cc       CMakeFiles/cmTryCompileExec275770432.dir/CheckSymbolExists.c.o  -o cmTryCompileExec275770432 -rdynamic 
CMakeFiles/cmTryCompileExec275770432.dir/CheckSymbolExists.c.o: In function `main':
CheckSymbolExists.c:(.text+0x16): undefined reference to `pthread_create'
collect2: error: ld returned 1 exit status
make[2]: Leaving directory `/home/rshnn/Documents/CS598/pracsys/src/object_info/build/CMakeFiles/CMakeTmp'
make[2]: *** [cmTryCompileExec275770432] Error 1
make[1]: Leaving directory `/home/rshnn/Documents/CS598/pracsys/src/object_info/build/CMakeFiles/CMakeTmp'
make[1]: *** [cmTryCompileExec275770432/fast] Error 2

File /home/rshnn/Documents/CS598/pracsys/src/object_info/build/CMakeFiles/CMakeTmp/CheckSymbolExists.c:
/* */
#include <pthread.h>

int main(int argc, char** argv)
{
  (void)argv;
#ifndef pthread_create
  return ((int*)(&pthread_create))[argc];
#else
  (void)argc;
  return 0;
#endif
}

Determining if the function pthread_create exists in the pthreads failed with the following output:
Change Dir: /home/rshnn/Documents/CS598/pracsys/src/object_info/build/CMakeFiles/CMakeTmp

Run Build Command:/usr/bin/make "cmTryCompileExec2144451436/fast"
make[1]: Entering directory `/home/rshnn/Documents/CS598/pracsys/src/object_info/build/CMakeFiles/CMakeTmp'
/usr/bin/make -f CMakeFiles/cmTryCompileExec2144451436.dir/build.make CMakeFiles/cmTryCompileExec2144451436.dir/build
make[2]: Entering directory `/home/rshnn/Documents/CS598/pracsys/src/object_info/build/CMakeFiles/CMakeTmp'
/usr/bin/cmake -E cmake_progress_report /home/rshnn/Documents/CS598/pracsys/src/object_info/build/CMakeFiles/CMakeTmp/CMakeFiles 1
Building C object CMakeFiles/cmTryCompileExec2144451436.dir/CheckFunctionExists.c.o
/usr/bin/cc   -DCHECK_FUNCTION_EXISTS=pthread_create   -o CMakeFiles/cmTryCompileExec2144451436.dir/CheckFunctionExists.c.o   -c /usr/share/cmake-2.8/Modules/CheckFunctionExists.c
Linking C executable cmTryCompileExec2144451436
/usr/bin/cmake -E cmake_link_script CMakeFiles/cmTryCompileExec2144451436.dir/link.txt --verbose=1
/usr/bin/cc   -DCHECK_FUNCTION_EXISTS=pthread_create    CMakeFiles/cmTryCompileExec2144451436.dir/CheckFunctionExists.c.o  -o cmTryCompileExec2144451436 -rdynamic -lpthreads 
/usr/bin/ld: cannot find -lpthreads
collect2: error: ld returned 1 exit status
make[2]: Leaving directory `/home/rshnn/Documents/CS598/pracsys/src/object_info/build/CMakeFiles/CMakeTmp'
make[2]: *** [cmTryCompileExec2144451436] Error 1
make[1]: Leaving directory `/home/rshnn/Documents/CS598/pracsys/src/object_info/build/CMakeFiles/CMakeTmp'
make[1]: *** [cmTryCompileExec2144451436/fast] Error 2


